<?xml version="1.0" encoding="UTF-8"?>
<!-- Generated by org.testng.reporters.JUnitXMLReporter -->
<testsuite ignored="0" hostname="DESKTOP-LQ34J2Q" failures="0" tests="3" name="Default test" time="22.73" errors="0" timestamp="2025-10-01T15:45:44 IST">
  <testcase classname="api.SampleApiTest" name="testGetUsers" time="4.133"/>
  <testcase classname="tests.GoogleTest" name="openGoogle" time="7.631"/>
  <testcase classname="ui.GoogleTest" name="searchTest" time="8.221"/>
</testsuite> <!-- Default test -->
