<?xml version="1.0" encoding="UTF-8"?>
<!-- Generated by org.testng.reporters.JUnitXMLReporter -->
<testsuite ignored="0" hostname="DESKTOP-LQ34J2Q" failures="0" tests="3" name="Surefire test" time="22.645" errors="0" timestamp="2025-10-01T12:49:31 IST">
  <testcase classname="api.SampleApiTest" name="testGetUsers" time="3.743"/>
  <testcase classname="tests.GoogleTest" name="openGoogle" time="9.858"/>
  <testcase classname="ui.GoogleTest" name="searchTest" time="5.171"/>
</testsuite> <!-- Surefire test -->
