<?xml version="1.0" encoding="UTF-8"?>
<testng-results ignored="0" total="3" passed="3" failed="0" skipped="0">
  <reporter-output>
  </reporter-output>
  <suite started-at="2025-10-01T12:49:08 IST" name="Surefire suite" finished-at="2025-10-01T12:49:31 IST" duration-ms="22645">
    <groups>
    </groups>
    <test started-at="2025-10-01T12:49:08 IST" name="Surefire test" finished-at="2025-10-01T12:49:31 IST" duration-ms="22645">
      <class name="api.SampleApiTest">
        <test-method signature="testGetUsers()[pri:0, instance:api.SampleApiTest@4c9f8c13]" started-at="2025-10-01T12:49:09 IST" name="testGetUsers" finished-at="2025-10-01T12:49:12 IST" duration-ms="3743" status="PASS">
          <reporter-output>
          </reporter-output>
        </test-method> <!-- testGetUsers -->
      </class> <!-- api.SampleApiTest -->
      <class name="tests.GoogleTest">
        <test-method signature="openGoogle()[pri:0, instance:tests.GoogleTest@4b5d6a01]" started-at="2025-10-01T12:49:12 IST" name="openGoogle" finished-at="2025-10-01T12:49:22 IST" duration-ms="9858" status="PASS">
          <reporter-output>
          </reporter-output>
        </test-method> <!-- openGoogle -->
      </class> <!-- tests.GoogleTest -->
      <class name="ui.GoogleTest">
        <test-method is-config="true" signature="setup()[pri:0, instance:ui.GoogleTest@39529185]" started-at="2025-10-01T12:49:22 IST" name="setup" finished-at="2025-10-01T12:49:26 IST" duration-ms="3313" status="PASS">
          <reporter-output>
          </reporter-output>
        </test-method> <!-- setup -->
        <test-method signature="searchTest()[pri:0, instance:ui.GoogleTest@39529185]" started-at="2025-10-01T12:49:26 IST" name="searchTest" finished-at="2025-10-01T12:49:31 IST" duration-ms="5171" status="PASS">
          <reporter-output>
          </reporter-output>
        </test-method> <!-- searchTest -->
        <test-method is-config="true" signature="teardown()[pri:0, instance:ui.GoogleTest@39529185]" started-at="2025-10-01T12:49:31 IST" name="teardown" finished-at="2025-10-01T12:49:31 IST" duration-ms="450" status="PASS">
          <reporter-output>
          </reporter-output>
        </test-method> <!-- teardown -->
      </class> <!-- ui.GoogleTest -->
    </test> <!-- Surefire test -->
  </suite> <!-- Surefire suite -->
</testng-results>
