<?xml version="1.0" encoding="UTF-8"?>
<testng-results ignored="0" total="1" passed="1" failed="0" skipped="0">
  <reporter-output>
  </reporter-output>
  <suite started-at="2025-10-01T09:34:44 IST" name="Default suite" finished-at="2025-10-01T09:34:48 IST" duration-ms="3963">
    <groups>
    </groups>
    <test started-at="2025-10-01T09:34:44 IST" name="Default test" finished-at="2025-10-01T09:34:48 IST" duration-ms="3963">
      <class name="api.SampleApiTest">
        <test-method signature="testGetUsers()[pri:0, instance:api.SampleApiTest@6c6cb480]" started-at="2025-10-01T09:34:44 IST" name="testGetUsers" finished-at="2025-10-01T09:34:48 IST" duration-ms="3872" status="PASS">
          <reporter-output>
          </reporter-output>
        </test-method> <!-- testGetUsers -->
      </class> <!-- api.SampleApiTest -->
    </test> <!-- Default test -->
  </suite> <!-- Default suite -->
</testng-results>
